--- Copying all files to /root/.m2 at Sun Jan 15 22:07:02 UTC 2023
'./settings-docker.xml' -> '/root/.m2/./settings-docker.xml'
'.' -> '/root/.m2/.'

--- Copying individual files to /root/.m2 at Tue Jan 17 07:17:40 UTC 2023

--- Copying individual files to /root/.m2 at Sun Jan 22 13:15:57 UTC 2023

--- Copying individual files to /root/.m2 at Mon Jan 23 10:57:33 UTC 2023

--- Copying individual files to /root/.m2 at Mon Jan 23 11:24:45 UTC 2023

--- Copying individual files to /root/.m2 at Tue Jan 24 07:59:23 UTC 2023

--- Copying individual files to /root/.m2 at Tue Jan 24 08:29:45 UTC 2023

--- Copying individual files to /root/.m2 at Mon Jan 30 03:39:55 UTC 2023
--- Copying individual files to /root/.m2 at Mon Jan 23 11:40:10 UTC 2023

--- Copying individual files to /root/.m2 at Mon Jan 23 11:41:27 UTC 2023

--- Copying individual files to /root/.m2 at Tue Jan 24 07:27:57 UTC 2023

--- Copying individual files to /root/.m2 at Mon Jan 30 09:08:37 UTC 2023

--- Copying individual files to /root/.m2 at Mon Jan 30 09:16:00 UTC 2023

--- Copying individual files to /root/.m2 at Mon Jan 30 10:39:31 UTC 2023

--- Copying individual files to /root/.m2 at Mon Jan 30 10:44:32 UTC 2023

--- Copying individual files to /root/.m2 at Mon Jan 30 20:26:18 UTC 2023

--- Copying individual files to /root/.m2 at Tue Jan 31 07:11:57 UTC 2023

--- Copying individual files to /root/.m2 at Sat Feb  4 19:32:32 UTC 2023

--- Copying individual files to /root/.m2 at Sat Feb  4 19:53:30 UTC 2023

--- Copying individual files to /root/.m2 at Sat Feb  4 20:37:14 UTC 2023

--- Copying individual files to /root/.m2 at Sun Feb  5 22:31:22 UTC 2023

--- Copying individual files to /root/.m2 at Mon Feb  6 07:17:29 UTC 2023

--- Copying individual files to /root/.m2 at Mon Feb  6 10:46:12 UTC 2023

--- Copying individual files to /root/.m2 at Mon Feb 13 11:04:34 UTC 2023

--- Copying individual files to /root/.m2 at Fri Mar  3 10:06:19 UTC 2023

--- Copying individual files to /root/.m2 at Fri Mar  3 10:40:14 UTC 2023

--- Copying individual files to /root/.m2 at Fri Mar  3 10:57:20 UTC 2023

--- Copying individual files to /root/.m2 at Fri Mar  3 11:17:08 UTC 2023

--- Copying individual files to /root/.m2 at Fri Mar  3 11:31:18 UTC 2023

--- Copying individual files to /root/.m2 at Sat Mar  4 20:36:10 UTC 2023

--- Copying individual files to /root/.m2 at Sun Mar  5 15:57:19 UTC 2023



